<?xml version="1.0" encoding="UTF-8"?>
<!-- Generated by org.testng.reporters.JUnitReportReporter -->
<testsuite hostname="DESKTOP-JA3A48P" failures="0" tests="3" name="dataProvider.DataProviderExample" time="0.041" errors="0" timestamp="2021-03-16T14:02:28 EET" skipped="0">
  <testcase classname="dataProvider.DataProviderExample" name="setData" time="0.009"/>
  <system-out/>
  <testcase classname="dataProvider.DataProviderExample" name="setData" time="0.008"/>
  <system-out/>
  <testcase classname="dataProvider.DataProviderExample" name="setData" time="0.024"/>
  <system-out/>
</testsuite> <!-- dataProvider.DataProviderExample -->
