<?xml version="1.0" encoding="UTF-8"?>
<!-- Generated by org.testng.reporters.JUnitReportReporter -->
<testsuite hostname="DESKTOP-JA3A48P" failures="0" tests="2" name="dataProvider.Facebook_DataParam" time="24.545" errors="0" timestamp="2021-03-16T14:12:33 EET" skipped="0">
  <testcase classname="dataProvider.Facebook_DataParam" name="TestFireFox" time="11.772"/>
  <system-out/>
  <testcase classname="dataProvider.Facebook_DataParam" name="TestFireFox" time="12.773"/>
  <system-out/>
</testsuite> <!-- dataProvider.Facebook_DataParam -->
